2022-01-22 19:58:28,920 - freqtrade.loggers - INFO - Verbosity set to 0
2022-01-22 19:58:28,920 - freqtrade.configuration.configuration - INFO - Runmode set to dry_run.
2022-01-22 19:58:28,920 - freqtrade.configuration.configuration - INFO - Parameter --db-url detected ...
2022-01-22 19:58:28,921 - freqtrade.configuration.configuration - INFO - Dry run is enabled
2022-01-22 19:58:28,921 - freqtrade.configuration.configuration - INFO - Using DB: "sqlite:////freqtrade/user_data/tradesv3.sqlite"
2022-01-22 19:58:28,921 - freqtrade.configuration.configuration - INFO - Using max_open_trades: 3 ...
2022-01-22 19:58:28,933 - freqtrade.configuration.configuration - INFO - Using user-data directory: /freqtrade/user_data ...
2022-01-22 19:58:28,933 - freqtrade.configuration.directory_operations - INFO - Created data directory: None
2022-01-22 19:58:28,934 - freqtrade.configuration.configuration - INFO - Using data directory: /freqtrade/user_data/data/binance ...
2022-01-22 19:58:28,934 - freqtrade.configuration.check_exchange - INFO - Checking exchange...
2022-01-22 19:58:28,952 - freqtrade.configuration.check_exchange - INFO - Exchange "binance" is officially supported by the Freqtrade development team.
2022-01-22 19:58:28,952 - freqtrade.configuration.configuration - INFO - Using pairlist from configuration.
2022-01-22 19:58:28,953 - freqtrade.freqtradebot - INFO - Starting freqtrade 2021.12
2022-01-22 19:58:28,971 - freqtrade.resolvers.iresolver - INFO - Using resolved strategy SampleStrategy from '/freqtrade/user_data/strategies/sample_strategy.py'...
2022-01-22 19:58:28,971 - freqtrade.strategy.hyper - INFO - Found no parameter file.
2022-01-22 19:58:28,972 - freqtrade.strategy.hyper - INFO - No params for buy found, using default values.
2022-01-22 19:58:28,972 - freqtrade.strategy.hyper - INFO - Strategy Parameter(default): buy_rsi = 30
2022-01-22 19:58:28,972 - freqtrade.strategy.hyper - INFO - No params for sell found, using default values.
2022-01-22 19:58:28,972 - freqtrade.strategy.hyper - INFO - Strategy Parameter(default): sell_rsi = 70
2022-01-22 19:58:28,972 - freqtrade.strategy.hyper - INFO - No params for protection found, using default values.
2022-01-22 19:58:28,973 - freqtrade.resolvers.strategy_resolver - INFO - Override strategy 'stake_currency' with value in config file: USDT.
2022-01-22 19:58:28,973 - freqtrade.resolvers.strategy_resolver - INFO - Override strategy 'stake_amount' with value in config file: 100.
2022-01-22 19:58:28,973 - freqtrade.resolvers.strategy_resolver - INFO - Override strategy 'unfilledtimeout' with value in config file: {'buy': 10, 'sell': 30, 'unit': 'minutes'}.
2022-01-22 19:58:28,973 - freqtrade.resolvers.strategy_resolver - INFO - Strategy using minimal_roi: {'60': 0.01, '30': 0.02, '0': 0.04}
2022-01-22 19:58:28,974 - freqtrade.resolvers.strategy_resolver - INFO - Strategy using timeframe: 5m
2022-01-22 19:58:28,974 - freqtrade.resolvers.strategy_resolver - INFO - Strategy using stoploss: -0.1
2022-01-22 19:58:28,974 - freqtrade.resolvers.strategy_resolver - INFO - Strategy using trailing_stop: False
2022-01-22 19:58:28,974 - freqtrade.resolvers.strategy_resolver - INFO - Strategy using trailing_stop_positive_offset: 0.0
2022-01-22 19:58:28,974 - freqtrade.resolvers.strategy_resolver - INFO - Strategy using trailing_only_offset_is_reached: False
2022-01-22 19:58:28,974 - freqtrade.resolvers.strategy_resolver - INFO - Strategy using use_custom_stoploss: False
2022-01-22 19:58:28,974 - freqtrade.resolvers.strategy_resolver - INFO - Strategy using process_only_new_candles: False
2022-01-22 19:58:28,974 - freqtrade.resolvers.strategy_resolver - INFO - Strategy using order_types: {'buy': 'limit', 'sell': 'limit', 'stoploss': 'market', 'stoploss_on_exchange': False}
2022-01-22 19:58:28,974 - freqtrade.resolvers.strategy_resolver - INFO - Strategy using order_time_in_force: {'buy': 'gtc', 'sell': 'gtc'}
2022-01-22 19:58:28,975 - freqtrade.resolvers.strategy_resolver - INFO - Strategy using stake_currency: USDT
2022-01-22 19:58:28,975 - freqtrade.resolvers.strategy_resolver - INFO - Strategy using stake_amount: 100
2022-01-22 19:58:28,975 - freqtrade.resolvers.strategy_resolver - INFO - Strategy using protections: []
2022-01-22 19:58:28,975 - freqtrade.resolvers.strategy_resolver - INFO - Strategy using startup_candle_count: 30
2022-01-22 19:58:28,975 - freqtrade.resolvers.strategy_resolver - INFO - Strategy using unfilledtimeout: {'buy': 10, 'sell': 30, 'unit': 'minutes'}
2022-01-22 19:58:28,975 - freqtrade.resolvers.strategy_resolver - INFO - Strategy using use_sell_signal: True
2022-01-22 19:58:28,975 - freqtrade.resolvers.strategy_resolver - INFO - Strategy using sell_profit_only: False
2022-01-22 19:58:28,975 - freqtrade.resolvers.strategy_resolver - INFO - Strategy using ignore_roi_if_buy_signal: False
2022-01-22 19:58:28,976 - freqtrade.resolvers.strategy_resolver - INFO - Strategy using sell_profit_offset: 0.0
2022-01-22 19:58:28,976 - freqtrade.resolvers.strategy_resolver - INFO - Strategy using disable_dataframe_checks: False
2022-01-22 19:58:28,976 - freqtrade.resolvers.strategy_resolver - INFO - Strategy using ignore_buying_expired_candle_after: 0
2022-01-22 19:58:28,976 - freqtrade.configuration.config_validation - INFO - Validating configuration ...
2022-01-22 19:58:28,981 - freqtrade.exchange.exchange - INFO - Instance is running with dry_run enabled
2022-01-22 19:58:28,981 - freqtrade.exchange.exchange - INFO - Using CCXT 1.65.25
2022-01-22 19:58:29,013 - freqtrade.exchange.exchange - INFO - Using Exchange "Binance"
2022-01-22 19:58:30,391 - freqtrade.resolvers.exchange_resolver - INFO - Using resolved exchange 'Binance'...
2022-01-22 19:58:31,283 - freqtrade.wallets - INFO - Wallets synced.
2022-01-22 19:58:31,284 - freqtrade.plugins.protectionmanager - INFO - No protection Handlers defined.
2022-01-22 19:58:31,587 - freqtrade.rpc.rpc_manager - INFO - Enabling rpc.telegram ...
2022-01-22 19:58:32,559 - apscheduler.scheduler - INFO - Scheduler started
2022-01-22 19:58:33,320 - freqtrade.rpc.telegram - INFO - rpc.telegram is listening for following commands: [['status'], ['profit'], ['balance'], ['start'], ['stop'], ['forcesell'], ['forcebuy'], ['trades'], ['delete'], ['performance'], ['buys'], ['sells'], ['mix_tags'], ['stats'], ['daily'], ['weekly'], ['monthly'], ['count'], ['locks'], ['unlock', 'delete_locks'], ['reload_config', 'reload_conf'], ['show_config', 'show_conf'], ['stopbuy'], ['whitelist'], ['blacklist'], ['blacklist_delete', 'bl_delete'], ['logs'], ['edge'], ['help'], ['version']]
2022-01-22 19:58:33,322 - freqtrade.rpc.rpc_manager - INFO - Enabling rpc.api_server
2022-01-22 19:58:33,913 - freqtrade.rpc.api_server.webserver - INFO - Starting HTTP Server at 0.0.0.0:8080
2022-01-22 19:58:33,914 - freqtrade.rpc.api_server.webserver - WARNING - SECURITY WARNING - Local Rest Server listening to external connections
2022-01-22 19:58:33,914 - freqtrade.rpc.api_server.webserver - WARNING - SECURITY WARNING - This is insecure please set to your loopback,e.g 127.0.0.1 in config.json
2022-01-22 19:58:33,914 - freqtrade.rpc.api_server.webserver - INFO - Starting Local Rest Server.
2022-01-22 19:58:33,938 - uvicorn.error - INFO - Started server process [1]
2022-01-22 19:58:33,939 - uvicorn.error - INFO - Waiting for application startup.
2022-01-22 19:58:33,939 - uvicorn.error - INFO - Application startup complete.
2022-01-22 19:58:33,940 - uvicorn.error - INFO - Uvicorn running on http://0.0.0.0:8080 (Press CTRL+C to quit)
2022-01-22 19:58:33,951 - freqtrade.resolvers.iresolver - INFO - Using resolved pairlist VolumePairList from '/freqtrade/freqtrade/plugins/pairlist/VolumePairList.py'...
2022-01-22 19:58:34,671 - freqtrade.plugins.pairlist.IPairList - INFO - Ignoring BTT/USDT from whitelist. Market is not active.
2022-01-22 19:58:34,673 - freqtrade.plugins.pairlist.IPairList - INFO - Ignoring FILUP/USDT from whitelist. Market is not active.
2022-01-22 19:58:34,674 - freqtrade.plugins.pairlist.IPairList - INFO - Ignoring FILDOWN/USDT from whitelist. Market is not active.
2022-01-22 19:58:34,674 - freqtrade.plugins.pairlist.IPairList - INFO - Ignoring BCHDOWN/USDT from whitelist. Market is not active.
2022-01-22 19:58:34,674 - freqtrade.plugins.pairlist.IPairList - INFO - Ignoring BCHUP/USDT from whitelist. Market is not active.
2022-01-22 19:58:34,674 - freqtrade.plugins.pairlist.IPairList - INFO - Ignoring BCC/USDT from whitelist. Market is not active.
2022-01-22 19:58:34,674 - freqtrade.plugins.pairlist.IPairList - INFO - Ignoring VEN/USDT from whitelist. Market is not active.
2022-01-22 19:58:34,674 - freqtrade.plugins.pairlist.IPairList - INFO - Ignoring PAX/USDT from whitelist. Market is not active.
2022-01-22 19:58:34,675 - freqtrade.plugins.pairlist.IPairList - INFO - Ignoring BSV/USDT from whitelist. Market is not active.
2022-01-22 19:58:34,675 - freqtrade.plugins.pairlist.IPairList - INFO - Ignoring USDS/USDT from whitelist. Market is not active.
2022-01-22 19:58:34,675 - freqtrade.plugins.pairlist.IPairList - INFO - Ignoring USDSB/USDT from whitelist. Market is not active.
2022-01-22 19:58:34,675 - freqtrade.plugins.pairlist.IPairList - INFO - Ignoring ERD/USDT from whitelist. Market is not active.
2022-01-22 19:58:34,675 - freqtrade.plugins.pairlist.IPairList - INFO - Ignoring NPXS/USDT from whitelist. Market is not active.
2022-01-22 19:58:34,675 - freqtrade.plugins.pairlist.IPairList - INFO - Ignoring STORM/USDT from whitelist. Market is not active.
2022-01-22 19:58:34,675 - freqtrade.plugins.pairlist.IPairList - INFO - Ignoring HC/USDT from whitelist. Market is not active.
2022-01-22 19:58:34,675 - freqtrade.plugins.pairlist.IPairList - INFO - Ignoring MCO/USDT from whitelist. Market is not active.
2022-01-22 19:58:34,676 - freqtrade.plugins.pairlist.IPairList - INFO - Ignoring BULL/USDT from whitelist. Market is not active.
2022-01-22 19:58:34,676 - freqtrade.plugins.pairlist.IPairList - INFO - Ignoring BEAR/USDT from whitelist. Market is not active.
2022-01-22 19:58:34,676 - freqtrade.plugins.pairlist.IPairList - INFO - Ignoring ETHBULL/USDT from whitelist. Market is not active.
2022-01-22 19:58:34,676 - freqtrade.plugins.pairlist.IPairList - INFO - Ignoring ETHBEAR/USDT from whitelist. Market is not active.
2022-01-22 19:58:34,676 - freqtrade.plugins.pairlist.IPairList - INFO - Ignoring EOSBULL/USDT from whitelist. Market is not active.
2022-01-22 19:58:34,676 - freqtrade.plugins.pairlist.IPairList - INFO - Ignoring EOSBEAR/USDT from whitelist. Market is not active.
2022-01-22 19:58:34,676 - freqtrade.plugins.pairlist.IPairList - INFO - Ignoring XRPBULL/USDT from whitelist. Market is not active.
2022-01-22 19:58:34,677 - freqtrade.plugins.pairlist.IPairList - INFO - Ignoring XRPBEAR/USDT from whitelist. Market is not active.
2022-01-22 19:58:34,677 - freqtrade.plugins.pairlist.IPairList - INFO - Ignoring STRAT/USDT from whitelist. Market is not active.
2022-01-22 19:58:34,677 - freqtrade.plugins.pairlist.IPairList - INFO - Ignoring BNBBULL/USDT from whitelist. Market is not active.
2022-01-22 19:58:34,677 - freqtrade.plugins.pairlist.IPairList - INFO - Ignoring BNBBEAR/USDT from whitelist. Market is not active.
2022-01-22 19:58:34,677 - freqtrade.plugins.pairlist.IPairList - INFO - Ignoring XZC/USDT from whitelist. Market is not active.
2022-01-22 19:58:34,677 - freqtrade.plugins.pairlist.IPairList - INFO - Ignoring LEND/USDT from whitelist. Market is not active.
2022-01-22 19:58:34,677 - freqtrade.plugins.pairlist.IPairList - INFO - Ignoring BKRW/USDT from whitelist. Market is not active.
2022-01-22 19:58:34,677 - freqtrade.plugins.pairlist.IPairList - INFO - Ignoring DAI/USDT from whitelist. Market is not active.
2022-01-22 19:58:34,678 - freqtrade.plugins.pairlist.IPairList - INFO - Ignoring BZRX/USDT from whitelist. Market is not active.
2022-01-22 19:58:34,678 - freqtrade.plugins.pairlist.IPairList - INFO - Ignoring EOSUP/USDT from whitelist. Market is not active.
2022-01-22 19:58:34,678 - freqtrade.plugins.pairlist.IPairList - INFO - Ignoring EOSDOWN/USDT from whitelist. Market is not active.
2022-01-22 19:58:34,678 - freqtrade.plugins.pairlist.IPairList - INFO - Ignoring UNIUP/USDT from whitelist. Market is not active.
2022-01-22 19:58:34,678 - freqtrade.plugins.pairlist.IPairList - INFO - Ignoring UNIDOWN/USDT from whitelist. Market is not active.
2022-01-22 19:58:34,678 - freqtrade.plugins.pairlist.IPairList - INFO - Ignoring SXPUP/USDT from whitelist. Market is not active.
2022-01-22 19:58:34,678 - freqtrade.plugins.pairlist.IPairList - INFO - Ignoring SXPDOWN/USDT from whitelist. Market is not active.
2022-01-22 19:58:34,678 - freqtrade.plugins.pairlist.IPairList - INFO - Ignoring YFIUP/USDT from whitelist. Market is not active.
2022-01-22 19:58:34,679 - freqtrade.plugins.pairlist.IPairList - INFO - Ignoring YFIDOWN/USDT from whitelist. Market is not active.
2022-01-22 19:58:34,679 - freqtrade.plugins.pairlist.IPairList - INFO - Ignoring AAVEUP/USDT from whitelist. Market is not active.
2022-01-22 19:58:34,679 - freqtrade.plugins.pairlist.IPairList - INFO - Ignoring AAVEDOWN/USDT from whitelist. Market is not active.
2022-01-22 19:58:34,679 - freqtrade.plugins.pairlist.IPairList - INFO - Ignoring SUSHIUP/USDT from whitelist. Market is not active.
2022-01-22 19:58:34,679 - freqtrade.plugins.pairlist.IPairList - INFO - Ignoring SUSHIDOWN/USDT from whitelist. Market is not active.
2022-01-22 19:58:34,679 - freqtrade.plugins.pairlist.IPairList - INFO - Ignoring XLMUP/USDT from whitelist. Market is not active.
2022-01-22 19:58:34,679 - freqtrade.plugins.pairlist.IPairList - INFO - Ignoring XLMDOWN/USDT from whitelist. Market is not active.
2022-01-22 19:58:34,680 - freqtrade.plugins.pairlist.IPairList - INFO - Ignoring 1INCHUP/USDT from whitelist. Market is not active.
2022-01-22 19:58:34,680 - freqtrade.plugins.pairlist.IPairList - INFO - Ignoring 1INCHDOWN/USDT from whitelist. Market is not active.
2022-01-22 19:58:34,684 - VolumePairList - INFO - Pair BNB/USDT in your blacklist. Removing it from whitelist...
2022-01-22 19:58:34,684 - VolumePairList - INFO - Searching 20 pairs: ['BTC/USDT', 'ETH/USDT', 'BUSD/USDT', 'LUNA/USDT', 'FTM/USDT', 'SOL/USDT', 'ADA/USDT', 'SHIB/USDT', 'XRP/USDT', 'DOT/USDT', 'MATIC/USDT', 'SAND/USDT', 'NEAR/USDT', 'ATOM/USDT', 'LINK/USDT', 'AVAX/USDT', 'GALA/USDT', 'DOGE/USDT', 'ROSE/USDT', 'FIL/USDT']
2022-01-22 19:58:34,688 - freqtrade.rpc.rpc_manager - INFO - Sending rpc message: {'type': status, 'status': 'running'}
2022-01-22 19:58:35,388 - freqtrade.worker - INFO - Changing state to: RUNNING
2022-01-22 19:58:35,388 - freqtrade.rpc.rpc_manager - INFO - Sending rpc message: {'type': warning, 'status': 'Dry run is enabled. All trades are simulated.'}
2022-01-22 19:58:35,705 - freqtrade.rpc.rpc_manager - INFO - Sending rpc message: {'type': startup, 'status': "*Exchange:* `binance`\n*Stake per trade:* `100 USDT`\n*Minimum ROI:* `{'60': 0.01, '30': 0.02, '0': 0.04}`\n*Stoploss:* `-0.1`\n*Timeframe:* `5m`\n*Strategy:* `SampleStrategy`"}
2022-01-22 19:58:36,020 - freqtrade.rpc.rpc_manager - INFO - Sending rpc message: {'type': startup, 'status': "Searching for USDT pairs to buy and sell based on [{'VolumePairList': 'VolumePairList - top 20 volume pairs.'}]"}
2022-01-22 19:58:41,379 - freqtrade.worker - INFO - Bot heartbeat. PID=1, version='2021.12', state='RUNNING'
2022-01-22 19:59:41,434 - freqtrade.worker - INFO - Bot heartbeat. PID=1, version='2021.12', state='RUNNING'
2022-01-22 20:00:41,472 - freqtrade.worker - INFO - Bot heartbeat. PID=1, version='2021.12', state='RUNNING'
